Build started 20.04.2017 23:07:11.
     1>Project "C:\Users\8140127\Desktop\snake\snake\snake.vcxproj" on node 2 (build target(s)).
     1>PrepareForBuild:
         Creating directory "C:\Users\8140127\Desktop\snake\Release\".
       InitializeBuildStatus:
         Creating "Release\snake.unsuccessfulbuild" because "AlwaysCreate" was specified.
       ClCompile:
         c:\Program Files (x86)\Microsoft Visual Studio 10.0\VC\bin\CL.exe /c /Zi /nologo /W3 /WX- /O2 /Oi /Oy- /GL /D WIN32 /D NDEBUG /D _CONSOLE /D _UNICODE /D UNICODE /Gm- /EHsc /MD /GS /Gy /fp:precise /Zc:wchar_t /Zc:forScope /Yc"StdAfx.h" /Fp"Release\snake.pch" /Fo"Release\\" /Fd"Release\vc100.pdb" /Gd /TP /analyze- /errorReport:prompt stdafx.cpp
         stdafx.cpp
         c:\Program Files (x86)\Microsoft Visual Studio 10.0\VC\bin\CL.exe /c /Zi /nologo /W3 /WX- /O2 /Oi /Oy- /GL /D WIN32 /D NDEBUG /D _CONSOLE /D _UNICODE /D UNICODE /Gm- /EHsc /MD /GS /Gy /fp:precise /Zc:wchar_t /Zc:forScope /Yu"StdAfx.h" /Fp"Release\snake.pch" /Fo"Release\\" /Fd"Release\vc100.pdb" /Gd /TP /analyze- /errorReport:prompt ..\..\finalsnake\Socket.cpp Game.cpp main.cpp Snake.cpp
         Socket.cpp
         Game.cpp
     1>Game.cpp(167): warning C4996: 'getch': The POSIX name for this item is deprecated. Instead, use the ISO C++ conformant name: _getch. See online help for details.
                 c:\Program Files (x86)\Microsoft Visual Studio 10.0\VC\include\conio.h(128) : see declaration of 'getch'
         main.cpp
     1>main.cpp(11): warning C4244: 'argument' : conversion from 'time_t' to 'unsigned int', possible loss of data
         Snake.cpp
       Link:
         c:\Program Files (x86)\Microsoft Visual Studio 10.0\VC\bin\link.exe /ERRORREPORT:PROMPT /OUT:"C:\Users\8140127\Desktop\snake\Release\snake.exe" /INCREMENTAL:NO /NOLOGO kernel32.lib user32.lib gdi32.lib winspool.lib comdlg32.lib advapi32.lib shell32.lib ole32.lib oleaut32.lib uuid.lib odbc32.lib odbccp32.lib /MANIFEST /ManifestFile:"Release\snake.exe.intermediate.manifest" /MANIFESTUAC:"level='asInvoker' uiAccess='false'" /DEBUG /PDB:"C:\Users\8140127\Desktop\snake\Release\snake.pdb" /SUBSYSTEM:CONSOLE /OPT:REF /OPT:ICF /LTCG /TLBID:1 /DYNAMICBASE /NXCOMPAT /IMPLIB:"C:\Users\8140127\Desktop\snake\Release\snake.lib" /MACHINE:X86 Release\Socket.obj
         Release\Game.obj
         Release\main.obj
         Release\Snake.obj
         Release\stdafx.obj
     1>Socket.obj : error LNK2001: unresolved external symbol _WSAStartup@8
     1>Socket.obj : error LNK2001: unresolved external symbol _socket@12
     1>Socket.obj : error LNK2001: unresolved external symbol _bind@12
     1>Socket.obj : error LNK2001: unresolved external symbol _closesocket@4
     1>Socket.obj : error LNK2001: unresolved external symbol _recvfrom@24
     1>Socket.obj : error LNK2001: unresolved external symbol _sendto@24
     1>Game.obj : error LNK2001: unresolved external symbol _inet_addr@4
     1>Game.obj : error LNK2001: unresolved external symbol _gethostname@8
     1>C:\Users\8140127\Desktop\snake\Release\snake.exe : fatal error LNK1120: 8 unresolved externals
     1>Done Building Project "C:\Users\8140127\Desktop\snake\snake\snake.vcxproj" (build target(s)) -- FAILED.

Build FAILED.

Time Elapsed 00:00:04.27
