Build started 22.04.2017 0:58:01.
     1>Project "C:\Users\8140127\Desktop\snake\snake\snake.vcxproj" on node 2 (build target(s)).
     1>InitializeBuildStatus:
         Creating "Debug\Two Player Snake.unsuccessfulbuild" because "AlwaysCreate" was specified.
       ClCompile:
         All outputs are up-to-date.
         c:\Program Files (x86)\Microsoft Visual Studio 10.0\VC\bin\CL.exe /c /ZI /nologo /W3 /WX- /Od /Oy- /D WIN32 /D _DEBUG /D _CONSOLE /D _UNICODE /D UNICODE /Gm /EHsc /RTC1 /MDd /GS /fp:precise /Zc:wchar_t /Zc:forScope /Yu"StdAfx.h" /Fp"Debug\Two Player Snake.pch" /Fo"Debug\\" /Fd"Debug\vc100.pdb" /Gd /TP /analyze- /errorReport:prompt Game.cpp
         Game.cpp
     1>c:\users\8140127\desktop\snake\snake\game.cpp(167): warning C4996: 'getch': The POSIX name for this item is deprecated. Instead, use the ISO C++ conformant name: _getch. See online help for details.
                 c:\program files (x86)\microsoft visual studio 10.0\vc\include\conio.h(128) : see declaration of 'getch'
     1>c:\users\8140127\desktop\snake\snake\game.cpp(162): warning C4715: 'Game::Initialise' : not all control paths return a value
       ManifestResourceCompile:
         All outputs are up-to-date.
       Link:
         c:\Program Files (x86)\Microsoft Visual Studio 10.0\VC\bin\link.exe /ERRORREPORT:PROMPT /OUT:"C:\Users\8140127\Desktop\snake\Debug\Two Player Snake.exe" /INCREMENTAL /NOLOGO kernel32.lib user32.lib gdi32.lib winspool.lib comdlg32.lib advapi32.lib shell32.lib ole32.lib oleaut32.lib uuid.lib odbc32.lib odbccp32.lib wsock32.lib kernel32.lib user32.lib gdi32.lib winspool.lib comdlg32.lib advapi32.lib shell32.lib ole32.lib oleaut32.lib uuid.lib odbc32.lib odbccp32.lib /MANIFEST /ManifestFile:"Debug\Two Player Snake.exe.intermediate.manifest" /MANIFESTUAC:"level='asInvoker' uiAccess='false'" /DEBUG /PDB:"C:\Users\8140127\Desktop\snake\Debug\Two Player Snake.pdb" /SUBSYSTEM:CONSOLE /TLBID:1 /DYNAMICBASE /NXCOMPAT /IMPLIB:"C:\Users\8140127\Desktop\snake\Debug\Two Player Snake.lib" /MACHINE:X86 "Debug\Two Player Snake.exe.embed.manifest.res"
         Debug\Socket.obj
         Debug\Game.obj
         Debug\main.obj
         Debug\Snake.obj
         Debug\stdafx.obj
       Manifest:
         C:\Program Files (x86)\Microsoft SDKs\Windows\v7.0A\bin\mt.exe /nologo /verbose /out:"Debug\Two Player Snake.exe.embed.manifest" /manifest "Debug\Two Player Snake.exe.intermediate.manifest"
         All outputs are up-to-date.
       LinkEmbedManifest:
         All outputs are up-to-date.
         snake.vcxproj -> C:\Users\8140127\Desktop\snake\Debug\Two Player Snake.exe
       FinalizeBuildStatus:
         Deleting file "Debug\Two Player Snake.unsuccessfulbuild".
         Touching "Debug\Two Player Snake.lastbuildstate".
     1>Done Building Project "C:\Users\8140127\Desktop\snake\snake\snake.vcxproj" (build target(s)).

Build succeeded.

Time Elapsed 00:00:02.50
